<?xml version="1.0" encoding="UTF-8"?>
<testsuite name="com.costacarol.coreengineering.tema16.command.CashDepositCommandTest" tests="3" skipped="0" failures="0" errors="0" timestamp="2020-10-06T18:57:55" hostname="ilegra-OptiPlex-9020" time="0.002">
  <properties/>
  <testcase name="testExecuteOnCashDepositWithNegativeValue" classname="com.costacarol.coreengineering.tema16.command.CashDepositCommandTest" time="0.001"/>
  <testcase name="testExecuteOnCashDepositWithZeroValue" classname="com.costacarol.coreengineering.tema16.command.CashDepositCommandTest" time="0.0"/>
  <testcase name="testExecuteOnCashDepositCommandClass" classname="com.costacarol.coreengineering.tema16.command.CashDepositCommandTest" time="0.0"/>
  <system-out><![CDATA[]]></system-out>
  <system-err><![CDATA[]]></system-err>
</testsuite>
